
2025/01/28 (19:49:18) | ===> btop++ v.1.4.0
2025/01/28 (19:49:18) | WARNING: Intel GPU: Failed to initialize PMU

2025/01/28 (19:49:31) | ===> btop++ v.1.4.0
2025/01/28 (19:49:31) | WARNING: Intel GPU: Failed to initialize PMU

2025/01/28 (19:49:43) | ===> btop++ v.1.4.0
2025/01/28 (19:49:43) | WARNING: Intel GPU: Failed to initialize PMU

2025/01/28 (19:49:47) | ===> btop++ v.1.4.0
2025/01/28 (19:49:47) | WARNING: Intel GPU: Failed to initialize PMU

2025/01/28 (19:50:46) | ===> btop++ v.1.4.0
2025/01/28 (19:50:46) | WARNING: Intel GPU: Failed to initialize PMU

2025/01/28 (19:52:33) | ===> btop++ v.1.4.0
2025/01/28 (19:52:33) | WARNING: Intel GPU: Failed to initialize PMU

2025/01/28 (20:01:01) | ===> btop++ v.1.4.0
2025/01/28 (20:01:01) | WARNING: Intel GPU: Failed to initialize PMU
2025/01/28 (20:02:00) | INFO: Logger set to INFO
2025/01/28 (20:02:05) | INFO: Logger set to INFO
2025/01/28 (20:02:05) | INFO: Logger set to DEBUG
2025/01/28 (20:02:05) | INFO: Logger set to DEBUG
2025/01/28 (20:02:05) | INFO: Logger set to INFO

2025/01/28 (20:10:38) | ===> btop++ v.1.4.0
2025/01/28 (20:10:38) | WARNING: Intel GPU: Failed to initialize PMU
2025/01/28 (20:12:45) | ERROR: Exception during Config::unlock() : unordered_map::at

2025/01/28 (20:13:04) | ===> btop++ v.1.4.0
2025/01/28 (20:13:04) | WARNING: Intel GPU: Failed to initialize PMU

2025/01/29 (20:41:24) | ===> btop++ v.1.4.0
2025/01/29 (20:41:24) | WARNING: NVML: Failed to get maximum GPU power draw, defaulting to 225W: Not Supported
2025/01/29 (20:41:24) | WARNING: Intel GPU: Failed to initialize PMU

2025/02/01 (15:21:20) | ===> btop++ v.1.4.0
2025/02/01 (15:21:20) | WARNING: NVML: Failed to get maximum GPU power draw, defaulting to 225W: Not Supported
2025/02/01 (15:21:20) | WARNING: Intel GPU: Failed to initialize PMU

2025/02/01 (15:53:21) | ===> btop++ v.1.4.0
2025/02/01 (15:53:21) | WARNING: NVML: Failed to get maximum GPU power draw, defaulting to 225W: Not Supported
2025/02/01 (15:53:21) | WARNING: Intel GPU: Failed to initialize PMU

2025/02/01 (16:04:53) | ===> btop++ v.1.4.0
2025/02/01 (16:04:53) | WARNING: NVML: Failed to get maximum GPU power draw, defaulting to 225W: Not Supported
2025/02/01 (16:04:53) | WARNING: Intel GPU: Failed to initialize PMU

2025/02/01 (16:22:56) | ===> btop++ v.1.4.0
2025/02/01 (16:22:56) | WARNING: NVML: Failed to get maximum GPU power draw, defaulting to 225W: Not Supported
2025/02/01 (16:22:56) | WARNING: Intel GPU: Failed to initialize PMU

2025/02/01 (16:24:34) | ===> btop++ v.1.4.0
2025/02/01 (16:24:34) | WARNING: NVML: Failed to get maximum GPU power draw, defaulting to 225W: Not Supported
2025/02/01 (16:24:34) | WARNING: Intel GPU: Failed to initialize PMU

2025/02/01 (17:05:17) | ===> btop++ v.1.4.0
2025/02/01 (17:05:17) | WARNING: NVML: Failed to get maximum GPU power draw, defaulting to 225W: Not Supported
2025/02/01 (17:05:17) | WARNING: Intel GPU: Failed to initialize PMU

2025/02/02 (22:56:17) | ===> btop++ v.1.4.0
2025/02/02 (22:56:17) | WARNING: NVML: Failed to get maximum GPU power draw, defaulting to 225W: Not Supported
2025/02/02 (22:56:17) | WARNING: Intel GPU: Failed to initialize PMU

2025/02/05 (15:23:28) | ===> btop++ v.1.4.0
2025/02/05 (15:23:28) | WARNING: NVML: Failed to get maximum GPU power draw, defaulting to 225W: Not Supported
2025/02/05 (15:23:28) | WARNING: Intel GPU: Failed to initialize PMU

2025/02/06 (13:26:57) | ===> btop++ v.1.4.0
2025/02/06 (13:26:57) | WARNING: NVML: Failed to get maximum GPU power draw, defaulting to 225W: Not Supported
2025/02/06 (13:26:57) | WARNING: Intel GPU: Failed to initialize PMU

2025/02/19 (20:54:32) | ===> btop++ v.1.4.0
2025/02/19 (20:54:32) | WARNING: NVML: Failed to get maximum GPU power draw, defaulting to 225W: Not Supported
2025/02/19 (20:54:32) | WARNING: Intel GPU: Failed to initialize PMU

2025/02/19 (20:57:01) | ===> btop++ v.1.4.0
2025/02/19 (20:57:01) | WARNING: NVML: Failed to get maximum GPU power draw, defaulting to 225W: Not Supported
2025/02/19 (20:57:01) | WARNING: Intel GPU: Failed to initialize PMU

2025/02/21 (22:09:00) | ===> btop++ v.1.4.0
2025/02/21 (22:09:00) | WARNING: NVML: Failed to get maximum GPU power draw, defaulting to 225W: Not Supported
2025/02/21 (22:09:00) | WARNING: Intel GPU: Failed to initialize PMU

2025/02/22 (00:35:44) | ===> btop++ v.1.4.0
2025/02/22 (00:35:44) | WARNING: NVML: Failed to get maximum GPU power draw, defaulting to 225W: Not Supported
2025/02/22 (00:35:44) | WARNING: Intel GPU: Failed to initialize PMU
2025/02/22 (00:39:19) | INFO: Logger set to INFO
2025/02/22 (00:39:21) | INFO: Logger set to DEBUG
2025/02/22 (00:39:27) | DEBUG: Loading theme file: /usr/share/btop/themes/gruvbox_dark_v2.theme
2025/02/22 (00:39:29) | DEBUG: Loading theme file: /usr/share/btop/themes/gruvbox_dark_v2.theme
2025/02/22 (00:39:33) | DEBUG: Loading theme file: /usr/share/btop/themes/solarized_light.theme
2025/02/22 (00:39:34) | DEBUG: Loading theme file: /usr/share/btop/themes/night-owl.theme
2025/02/22 (00:39:34) | DEBUG: Loading theme file: /usr/share/btop/themes/gruvbox_dark.theme
2025/02/22 (00:39:35) | DEBUG: Loading theme file: /usr/share/btop/themes/tomorrow-night.theme
2025/02/22 (00:39:35) | DEBUG: Loading theme file: /usr/share/btop/themes/gruvbox_dark.theme
2025/02/22 (00:39:41) | DEBUG: Loading theme file: /usr/share/btop/themes/night-owl.theme
2025/02/22 (00:39:41) | DEBUG: Loading theme file: /usr/share/btop/themes/solarized_light.theme
2025/02/22 (00:39:41) | DEBUG: Loading theme file: /usr/share/btop/themes/gruvbox_dark_v2.theme
2025/02/22 (00:39:53) | DEBUG: Loading theme file: /usr/share/btop/themes/gruvbox_dark_v2.theme
2025/02/22 (00:39:53) | DEBUG: Loading theme file: /usr/share/btop/themes/solarized_light.theme
2025/02/22 (00:39:53) | DEBUG: Loading theme file: /usr/share/btop/themes/night-owl.theme
2025/02/22 (00:39:53) | DEBUG: Loading theme file: /usr/share/btop/themes/gruvbox_dark.theme
2025/02/22 (00:39:53) | DEBUG: Loading theme file: /usr/share/btop/themes/tomorrow-night.theme
2025/02/22 (00:39:54) | DEBUG: Loading theme file: /usr/share/btop/themes/paper.theme
2025/02/22 (00:39:54) | DEBUG: Loading theme file: /usr/share/btop/themes/whiteout.theme
2025/02/22 (00:39:54) | DEBUG: Loading theme file: /usr/share/btop/themes/tokyo-storm.theme
2025/02/22 (00:39:55) | DEBUG: Loading theme file: /usr/share/btop/themes/greyscale.theme
2025/02/22 (00:39:55) | DEBUG: Loading theme file: /usr/share/btop/themes/phoenix-night.theme
2025/02/22 (00:39:55) | DEBUG: Loading theme file: /usr/share/btop/themes/solarized_dark.theme
2025/02/22 (00:39:56) | DEBUG: Loading theme file: /usr/share/btop/themes/dracula.theme
2025/02/22 (00:39:56) | DEBUG: Loading theme file: /usr/share/btop/themes/ayu.theme
2025/02/22 (00:39:56) | DEBUG: Loading theme file: /usr/share/btop/themes/monokai.theme
2025/02/22 (00:40:01) | DEBUG: Loading theme file: /usr/share/btop/themes/elementarish.theme
2025/02/22 (00:40:02) | DEBUG: Loading theme file: /usr/share/btop/themes/dusklight.theme
2025/02/22 (00:40:02) | DEBUG: Loading theme file: /usr/share/btop/themes/everforest-dark-hard.theme
2025/02/22 (00:40:02) | DEBUG: Loading theme file: /usr/share/btop/themes/flat-remix.theme
2025/02/22 (00:40:06) | DEBUG: Loading theme file: /usr/share/btop/themes/HotPurpleTrafficLight.theme
2025/02/22 (00:40:06) | DEBUG: Loading theme file: /usr/share/btop/themes/nord.theme
2025/02/22 (00:40:07) | DEBUG: Loading theme file: /usr/share/btop/themes/kyli0x.theme
2025/02/22 (00:40:09) | DEBUG: Loading theme file: /usr/share/btop/themes/adapta.theme
2025/02/22 (00:40:12) | DEBUG: Loading theme file: /usr/share/btop/themes/onedark.theme
2025/02/22 (00:40:12) | DEBUG: Loading theme file: /usr/share/btop/themes/gruvbox_material_dark.theme
2025/02/22 (00:40:13) | DEBUG: Loading theme file: /usr/share/btop/themes/horizon.theme
2025/02/22 (00:40:13) | DEBUG: Loading theme file: /usr/share/btop/themes/gruvbox_material_dark.theme
2025/02/22 (00:40:22) | DEBUG: Loading theme file: /usr/share/btop/themes/horizon.theme
2025/02/22 (00:40:23) | DEBUG: Loading theme file: /usr/share/btop/themes/adwaita.theme
2025/02/22 (00:40:23) | DEBUG: Loading theme file: /usr/share/btop/themes/matcha-dark-sea.theme
2025/02/22 (00:40:24) | DEBUG: Loading theme file: /usr/share/btop/themes/tokyo-night.theme
2025/02/22 (00:40:25) | DEBUG: Loading theme file: /usr/share/btop/themes/gruvbox_light.theme
2025/02/22 (00:40:25) | DEBUG: Loading theme file: /usr/share/btop/themes/flat-remix-light.theme
2025/02/22 (00:40:29) | DEBUG: Loading theme file: /usr/share/btop/themes/everforest-dark-medium.theme
2025/02/22 (01:10:18) | DEBUG: Writing new config file
2025/02/22 (01:10:18) | INFO: Quitting! Runtime: 00:34:34

2025/02/23 (21:12:57) | ===> btop++ v.1.4.0
2025/02/23 (21:12:57) | INFO: Logger set to DEBUG
2025/02/23 (21:12:57) | DEBUG: Using locale C.UTF-8
2025/02/23 (21:12:57) | INFO: Running on /dev/pts/3
2025/02/23 (21:12:58) | WARNING: NVML: Failed to get maximum GPU power draw, defaulting to 225W: Not Supported
2025/02/23 (21:12:58) | INFO: Failed to load librocm_smi64.so, AMD GPUs will not be detected: librocm_smi64.so.6: cannot open shared object file: No such file or directory
2025/02/23 (21:12:58) | WARNING: Intel GPU: Failed to initialize PMU
2025/02/23 (21:12:58) | DEBUG: Shared::init() : Initialized.
2025/02/23 (21:19:59) | DEBUG: Writing new config file
2025/02/23 (21:19:59) | INFO: Quitting! Runtime: 00:07:02

2025/02/23 (21:22:56) | ===> btop++ v.1.4.0
2025/02/23 (21:22:56) | INFO: Logger set to DEBUG
2025/02/23 (21:22:56) | DEBUG: Using locale C.UTF-8
2025/02/23 (21:22:56) | INFO: Running on /dev/pts/3
2025/02/23 (21:22:56) | WARNING: NVML: Failed to get maximum GPU power draw, defaulting to 225W: Not Supported
2025/02/23 (21:22:56) | INFO: Failed to load librocm_smi64.so, AMD GPUs will not be detected: librocm_smi64.so.6: cannot open shared object file: No such file or directory
2025/02/23 (21:22:56) | WARNING: Intel GPU: Failed to initialize PMU
2025/02/23 (21:22:56) | DEBUG: Shared::init() : Initialized.
2025/02/23 (21:23:23) | INFO: Quitting! Runtime: 00:00:27

2025/02/23 (21:23:26) | ===> btop++ v.1.4.0
2025/02/23 (21:23:26) | INFO: Logger set to DEBUG
2025/02/23 (21:23:26) | DEBUG: Using locale C.UTF-8
2025/02/23 (21:23:26) | INFO: Running on /dev/pts/3
2025/02/23 (21:23:26) | WARNING: NVML: Failed to get maximum GPU power draw, defaulting to 225W: Not Supported
2025/02/23 (21:23:26) | INFO: Failed to load librocm_smi64.so, AMD GPUs will not be detected: librocm_smi64.so.6: cannot open shared object file: No such file or directory
2025/02/23 (21:23:26) | WARNING: Intel GPU: Failed to initialize PMU
2025/02/23 (21:23:26) | DEBUG: Shared::init() : Initialized.
2025/02/23 (21:23:27) | INFO: Quitting! Runtime: 00:00:01

2025/02/23 (21:29:23) | ===> btop++ v.1.4.0
2025/02/23 (21:29:23) | INFO: Logger set to DEBUG
2025/02/23 (21:29:23) | DEBUG: Using locale C.UTF-8
2025/02/23 (21:29:23) | INFO: Running on /dev/pts/3
2025/02/23 (21:29:23) | WARNING: NVML: Failed to get maximum GPU power draw, defaulting to 225W: Not Supported
2025/02/23 (21:29:23) | INFO: Failed to load librocm_smi64.so, AMD GPUs will not be detected: librocm_smi64.so.6: cannot open shared object file: No such file or directory
2025/02/23 (21:29:23) | WARNING: Intel GPU: Failed to initialize PMU
2025/02/23 (21:29:23) | DEBUG: Shared::init() : Initialized.

2025/02/23 (21:43:50) | ===> btop++ v.1.4.0
2025/02/23 (21:43:50) | INFO: Logger set to DEBUG
2025/02/23 (21:43:50) | DEBUG: Using locale C.UTF-8
2025/02/23 (21:43:50) | INFO: Running on /dev/pts/3
2025/02/23 (21:43:50) | WARNING: NVML: Failed to get maximum GPU power draw, defaulting to 225W: Not Supported
2025/02/23 (21:43:50) | INFO: Failed to load librocm_smi64.so, AMD GPUs will not be detected: librocm_smi64.so.6: cannot open shared object file: No such file or directory
2025/02/23 (21:43:50) | WARNING: Intel GPU: Failed to initialize PMU
2025/02/23 (21:43:50) | DEBUG: Shared::init() : Initialized.

2025/02/23 (21:52:21) | ===> btop++ v.1.4.0
2025/02/23 (21:52:21) | INFO: Logger set to DEBUG
2025/02/23 (21:52:21) | DEBUG: Using locale C.UTF-8
2025/02/23 (21:52:21) | INFO: Running on /dev/pts/3
2025/02/23 (21:52:21) | WARNING: NVML: Failed to get maximum GPU power draw, defaulting to 225W: Not Supported
2025/02/23 (21:52:21) | INFO: Failed to load librocm_smi64.so, AMD GPUs will not be detected: librocm_smi64.so.6: cannot open shared object file: No such file or directory
2025/02/23 (21:52:21) | WARNING: Intel GPU: Failed to initialize PMU
2025/02/23 (21:52:21) | DEBUG: Shared::init() : Initialized.
2025/02/23 (21:54:31) | INFO: Quitting! Runtime: 00:02:10

2025/02/26 (17:42:18) | ===> btop++ v.1.4.0
2025/02/26 (17:42:18) | INFO: Logger set to DEBUG
2025/02/26 (17:42:18) | DEBUG: Using locale C.UTF-8
2025/02/26 (17:42:18) | INFO: Running on /dev/pts/2
2025/02/26 (17:42:18) | WARNING: NVML: Failed to get maximum GPU power draw, defaulting to 225W: Not Supported
2025/02/26 (17:42:18) | INFO: Failed to load librocm_smi64.so, AMD GPUs will not be detected: librocm_smi64.so.6: cannot open shared object file: No such file or directory
2025/02/26 (17:42:18) | WARNING: Intel GPU: Failed to initialize PMU
2025/02/26 (17:42:18) | DEBUG: Shared::init() : Initialized.
2025/02/26 (17:42:38) | DEBUG: Loading theme file: /usr/share/btop/themes/gruvbox_dark_v2.theme
2025/02/26 (17:42:40) | DEBUG: Loading theme file: /usr/share/btop/themes/gruvbox_dark_v2.theme
2025/02/26 (17:42:40) | DEBUG: Loading theme file: /usr/share/btop/themes/solarized_light.theme
2025/02/26 (17:42:41) | DEBUG: Loading theme file: /usr/share/btop/themes/night-owl.theme
2025/02/26 (17:42:41) | DEBUG: Loading theme file: /usr/share/btop/themes/gruvbox_dark.theme
2025/02/26 (17:42:41) | DEBUG: Loading theme file: /usr/share/btop/themes/night-owl.theme
2025/02/26 (17:42:42) | DEBUG: Loading theme file: /usr/share/btop/themes/gruvbox_dark.theme
2025/02/26 (17:42:42) | DEBUG: Loading theme file: /usr/share/btop/themes/tomorrow-night.theme
2025/02/26 (17:42:43) | DEBUG: Loading theme file: /usr/share/btop/themes/paper.theme
2025/02/26 (17:42:43) | DEBUG: Loading theme file: /usr/share/btop/themes/whiteout.theme
2025/02/26 (17:42:43) | DEBUG: Loading theme file: /usr/share/btop/themes/tokyo-storm.theme
2025/02/26 (17:42:43) | DEBUG: Loading theme file: /usr/share/btop/themes/greyscale.theme
2025/02/26 (17:42:44) | DEBUG: Loading theme file: /usr/share/btop/themes/phoenix-night.theme
2025/02/26 (17:42:44) | DEBUG: Loading theme file: /usr/share/btop/themes/solarized_dark.theme
2025/02/26 (17:42:45) | DEBUG: Loading theme file: /usr/share/btop/themes/phoenix-night.theme
2025/02/26 (17:42:45) | DEBUG: Loading theme file: /usr/share/btop/themes/solarized_dark.theme
2025/02/26 (17:42:45) | DEBUG: Loading theme file: /usr/share/btop/themes/dracula.theme
2025/02/26 (17:42:46) | DEBUG: Loading theme file: /usr/share/btop/themes/ayu.theme
2025/02/26 (17:42:46) | DEBUG: Loading theme file: /usr/share/btop/themes/monokai.theme
2025/02/26 (17:42:46) | DEBUG: Loading theme file: /usr/share/btop/themes/elementarish.theme
2025/02/26 (17:42:47) | DEBUG: Loading theme file: /usr/share/btop/themes/dusklight.theme
2025/02/26 (17:42:47) | DEBUG: Loading theme file: /usr/share/btop/themes/everforest-dark-hard.theme
2025/02/26 (17:42:47) | DEBUG: Loading theme file: /usr/share/btop/themes/flat-remix.theme
2025/02/26 (17:42:54) | DEBUG: Loading theme file: /usr/share/btop/themes/HotPurpleTrafficLight.theme
2025/02/26 (17:42:55) | DEBUG: Loading theme file: /usr/share/btop/themes/nord.theme
2025/02/26 (17:42:55) | DEBUG: Loading theme file: /usr/share/btop/themes/kyli0x.theme
2025/02/26 (17:42:55) | DEBUG: Loading theme file: /usr/share/btop/themes/adapta.theme
2025/02/26 (17:42:55) | DEBUG: Loading theme file: /usr/share/btop/themes/onedark.theme
2025/02/26 (17:42:55) | DEBUG: Loading theme file: /usr/share/btop/themes/gruvbox_material_dark.theme
2025/02/26 (17:42:56) | DEBUG: Loading theme file: /usr/share/btop/themes/horizon.theme
2025/02/26 (17:42:56) | DEBUG: Loading theme file: /usr/share/btop/themes/adwaita.theme
2025/02/26 (17:42:56) | DEBUG: Loading theme file: /usr/share/btop/themes/matcha-dark-sea.theme
2025/02/26 (17:42:56) | DEBUG: Loading theme file: /usr/share/btop/themes/tokyo-night.theme
2025/02/26 (17:42:57) | DEBUG: Loading theme file: /usr/share/btop/themes/gruvbox_light.theme
2025/02/26 (17:42:57) | DEBUG: Loading theme file: /usr/share/btop/themes/flat-remix-light.theme
2025/02/26 (17:42:57) | DEBUG: Loading theme file: /usr/share/btop/themes/everforest-dark-medium.theme
2025/02/26 (17:45:06) | DEBUG: Writing new config file
2025/02/26 (17:45:06) | INFO: Quitting! Runtime: 00:02:48

2025/02/26 (17:45:20) | ===> btop++ v.1.4.0
2025/02/26 (17:45:20) | INFO: Logger set to DEBUG
2025/02/26 (17:45:20) | DEBUG: Using locale C.UTF-8
2025/02/26 (17:45:20) | INFO: Running on /dev/pts/2
2025/02/26 (17:45:20) | WARNING: NVML: Failed to get maximum GPU power draw, defaulting to 225W: Not Supported
2025/02/26 (17:45:20) | INFO: Failed to load librocm_smi64.so, AMD GPUs will not be detected: librocm_smi64.so.6: cannot open shared object file: No such file or directory
2025/02/26 (17:45:20) | WARNING: Intel GPU: Failed to initialize PMU
2025/02/26 (17:45:20) | DEBUG: Shared::init() : Initialized.
2025/02/26 (17:45:43) | DEBUG: Writing new config file
2025/02/26 (17:45:43) | INFO: Quitting! Runtime: 00:00:23

2025/03/01 (18:18:26) | ===> btop++ v.1.4.0
2025/03/01 (18:18:26) | INFO: Logger set to DEBUG
2025/03/01 (18:18:26) | DEBUG: Using locale C.UTF-8
2025/03/01 (18:18:26) | INFO: Running on /dev/pts/5
2025/03/01 (18:18:26) | WARNING: NVML: Failed to get maximum GPU power draw, defaulting to 225W: Not Supported
2025/03/01 (18:18:26) | INFO: Failed to load librocm_smi64.so, AMD GPUs will not be detected: librocm_smi64.so.6: cannot open shared object file: No such file or directory
2025/03/01 (18:18:26) | WARNING: Intel GPU: Failed to initialize PMU
2025/03/01 (18:18:26) | DEBUG: Shared::init() : Initialized.
2025/03/01 (18:20:08) | DEBUG: Writing new config file
2025/03/01 (18:20:08) | INFO: Quitting! Runtime: 00:01:42

2025/03/01 (18:20:30) | ===> btop++ v.1.4.0
2025/03/01 (18:20:30) | INFO: Logger set to DEBUG
2025/03/01 (18:20:30) | DEBUG: Using locale C.UTF-8
2025/03/01 (18:20:30) | INFO: Running on /dev/pts/5
2025/03/01 (18:20:30) | WARNING: NVML: Failed to get maximum GPU power draw, defaulting to 225W: Not Supported
2025/03/01 (18:20:30) | INFO: Failed to load librocm_smi64.so, AMD GPUs will not be detected: librocm_smi64.so.6: cannot open shared object file: No such file or directory
2025/03/01 (18:20:30) | WARNING: Intel GPU: Failed to initialize PMU
2025/03/01 (18:20:30) | DEBUG: Shared::init() : Initialized.
2025/03/01 (18:27:11) | INFO: Quitting! Runtime: 00:06:41

2025/03/01 (18:33:30) | ===> btop++ v.1.4.0
2025/03/01 (18:33:30) | INFO: Logger set to DEBUG
2025/03/01 (18:33:30) | DEBUG: Using locale C.UTF-8
2025/03/01 (18:33:30) | INFO: Running on /dev/pts/6
2025/03/01 (18:33:30) | WARNING: NVML: Failed to get maximum GPU power draw, defaulting to 225W: Not Supported
2025/03/01 (18:33:30) | INFO: Failed to load librocm_smi64.so, AMD GPUs will not be detected: librocm_smi64.so.6: cannot open shared object file: No such file or directory
2025/03/01 (18:33:30) | WARNING: Intel GPU: Failed to initialize PMU
2025/03/01 (18:33:30) | DEBUG: Shared::init() : Initialized.
2025/03/01 (18:34:32) | INFO: Quitting! Runtime: 00:01:02

2025/03/01 (18:36:27) | ===> btop++ v.1.4.0
2025/03/01 (18:36:27) | INFO: Logger set to DEBUG
2025/03/01 (18:36:27) | DEBUG: Using locale C.UTF-8
2025/03/01 (18:36:27) | INFO: Running on /dev/pts/5
2025/03/01 (18:36:27) | WARNING: NVML: Failed to get maximum GPU power draw, defaulting to 225W: Not Supported
2025/03/01 (18:36:27) | INFO: Failed to load librocm_smi64.so, AMD GPUs will not be detected: librocm_smi64.so.6: cannot open shared object file: No such file or directory
2025/03/01 (18:36:27) | WARNING: Intel GPU: Failed to initialize PMU
2025/03/01 (18:36:27) | DEBUG: Shared::init() : Initialized.
2025/03/01 (18:38:49) | DEBUG: Writing new config file
2025/03/01 (18:38:49) | INFO: Quitting! Runtime: 00:02:22

2025/03/01 (19:35:53) | ===> btop++ v.1.4.0
2025/03/01 (19:35:53) | INFO: Logger set to DEBUG
2025/03/01 (19:35:53) | DEBUG: Using locale C.UTF-8
2025/03/01 (19:35:53) | INFO: Running on /dev/pts/5
2025/03/01 (19:35:53) | DEBUG: Failed to initialize NVML, NVIDIA GPUs will not be detected: Driver/library version mismatch
2025/03/01 (19:35:53) | INFO: Failed to load librocm_smi64.so, AMD GPUs will not be detected: librocm_smi64.so.6: cannot open shared object file: No such file or directory
2025/03/01 (19:35:53) | WARNING: Intel GPU: Failed to initialize PMU
2025/03/01 (19:35:53) | DEBUG: Shared::init() : Initialized.

2025/03/01 (21:18:39) | ===> btop++ v.1.4.0
2025/03/01 (21:18:39) | INFO: Logger set to DEBUG
2025/03/01 (21:18:39) | DEBUG: Using locale C.UTF-8
2025/03/01 (21:18:39) | INFO: Running on /dev/pts/1
2025/03/01 (21:18:39) | WARNING: NVML: Failed to get maximum GPU power draw, defaulting to 225W: Not Supported
2025/03/01 (21:18:39) | INFO: Failed to load librocm_smi64.so, AMD GPUs will not be detected: librocm_smi64.so.6: cannot open shared object file: No such file or directory
2025/03/01 (21:18:39) | WARNING: Intel GPU: Failed to initialize PMU
2025/03/01 (21:18:39) | DEBUG: Shared::init() : Initialized.
2025/03/01 (21:18:43) | INFO: Quitting! Runtime: 00:00:04

2025/03/01 (21:46:35) | ===> btop++ v.1.4.0
2025/03/01 (21:46:35) | INFO: Logger set to DEBUG
2025/03/01 (21:46:35) | DEBUG: Using locale C.UTF-8
2025/03/01 (21:46:35) | INFO: Running on /dev/pts/3
2025/03/01 (21:46:35) | WARNING: NVML: Failed to get maximum GPU power draw, defaulting to 225W: Not Supported
2025/03/01 (21:46:35) | INFO: Failed to load librocm_smi64.so, AMD GPUs will not be detected: librocm_smi64.so.6: cannot open shared object file: No such file or directory
2025/03/01 (21:46:35) | WARNING: Intel GPU: Failed to initialize PMU
2025/03/01 (21:46:35) | DEBUG: Shared::init() : Initialized.
2025/03/01 (21:46:38) | INFO: Quitting! Runtime: 00:00:03

2025/03/01 (22:04:29) | ===> btop++ v.1.4.0
2025/03/01 (22:04:29) | INFO: Logger set to DEBUG
2025/03/01 (22:04:29) | DEBUG: Using locale C.UTF-8
2025/03/01 (22:04:29) | INFO: Running on /dev/pts/3
2025/03/01 (22:04:29) | WARNING: NVML: Failed to get maximum GPU power draw, defaulting to 225W: Not Supported
2025/03/01 (22:04:29) | INFO: Failed to load librocm_smi64.so, AMD GPUs will not be detected: librocm_smi64.so.6: cannot open shared object file: No such file or directory
2025/03/01 (22:04:29) | WARNING: Intel GPU: Failed to initialize PMU
2025/03/01 (22:04:29) | DEBUG: Shared::init() : Initialized.
2025/03/01 (22:04:40) | INFO: Quitting! Runtime: 00:00:11

2025/03/02 (00:19:37) | ===> btop++ v.1.4.0
2025/03/02 (00:19:37) | INFO: Logger set to DEBUG
2025/03/02 (00:19:37) | DEBUG: Using locale C.UTF-8
2025/03/02 (00:19:37) | INFO: Running on /dev/pts/2
2025/03/02 (00:19:37) | WARNING: NVML: Failed to get maximum GPU power draw, defaulting to 225W: Not Supported
2025/03/02 (00:19:37) | INFO: Failed to load librocm_smi64.so, AMD GPUs will not be detected: librocm_smi64.so.6: cannot open shared object file: No such file or directory
2025/03/02 (00:19:37) | WARNING: Intel GPU: Failed to initialize PMU
2025/03/02 (00:19:37) | DEBUG: Shared::init() : Initialized.
2025/03/02 (00:20:44) | DEBUG: Writing new config file
2025/03/02 (00:20:44) | INFO: Quitting! Runtime: 00:01:07

2025/03/02 (14:01:07) | ===> btop++ v.1.4.0
2025/03/02 (14:01:07) | INFO: Logger set to DEBUG
2025/03/02 (14:01:07) | DEBUG: Using locale C.UTF-8
2025/03/02 (14:01:07) | INFO: Running on /dev/pts/1
2025/03/02 (14:01:07) | WARNING: NVML: Failed to get maximum GPU power draw, defaulting to 225W: Not Supported
2025/03/02 (14:01:07) | INFO: Failed to load librocm_smi64.so, AMD GPUs will not be detected: librocm_smi64.so.6: cannot open shared object file: No such file or directory
2025/03/02 (14:01:07) | WARNING: Intel GPU: Failed to initialize PMU
2025/03/02 (14:01:07) | DEBUG: Shared::init() : Initialized.
2025/03/02 (14:01:21) | INFO: Quitting! Runtime: 00:00:14

2025/03/03 (21:07:09) | ===> btop++ v.1.4.0
2025/03/03 (21:07:09) | INFO: Logger set to DEBUG
2025/03/03 (21:07:09) | DEBUG: Using locale C.UTF-8
2025/03/03 (21:07:09) | INFO: Running on /dev/pts/1
2025/03/03 (21:07:09) | WARNING: NVML: Failed to get maximum GPU power draw, defaulting to 225W: Not Supported
2025/03/03 (21:07:09) | INFO: Failed to load librocm_smi64.so, AMD GPUs will not be detected: librocm_smi64.so.6: cannot open shared object file: No such file or directory
2025/03/03 (21:07:09) | WARNING: Intel GPU: Failed to initialize PMU
2025/03/03 (21:07:09) | DEBUG: Shared::init() : Initialized.
2025/03/03 (21:07:20) | INFO: Quitting! Runtime: 00:00:11

2025/03/05 (22:35:39) | ===> btop++ v.1.4.0
2025/03/05 (22:35:39) | INFO: Logger set to DEBUG
2025/03/05 (22:35:39) | DEBUG: Using locale C.UTF-8
2025/03/05 (22:35:39) | INFO: Running on /dev/pts/2
2025/03/05 (22:35:39) | WARNING: NVML: Failed to get maximum GPU power draw, defaulting to 225W: Not Supported
2025/03/05 (22:35:39) | INFO: Failed to load librocm_smi64.so, AMD GPUs will not be detected: librocm_smi64.so.6: cannot open shared object file: No such file or directory
2025/03/05 (22:35:39) | WARNING: Intel GPU: Failed to initialize PMU
2025/03/05 (22:35:39) | DEBUG: Shared::init() : Initialized.
2025/03/05 (22:35:51) | INFO: Quitting! Runtime: 00:00:12

2025/03/06 (00:04:16) | ===> btop++ v.1.4.0
2025/03/06 (00:04:16) | INFO: Logger set to DEBUG
2025/03/06 (00:04:16) | DEBUG: Using locale C.UTF-8
2025/03/06 (00:04:16) | INFO: Running on /dev/pts/1
2025/03/06 (00:04:17) | WARNING: NVML: Failed to get maximum GPU power draw, defaulting to 225W: Not Supported
2025/03/06 (00:04:17) | INFO: Failed to load librocm_smi64.so, AMD GPUs will not be detected: librocm_smi64.so.6: cannot open shared object file: No such file or directory
2025/03/06 (00:04:17) | WARNING: Intel GPU: Failed to initialize PMU
2025/03/06 (00:04:17) | DEBUG: Shared::init() : Initialized.
2025/03/06 (00:05:26) | DEBUG: Writing new config file
2025/03/06 (00:05:26) | INFO: Quitting! Runtime: 00:01:10

2025/03/09 (15:25:05) | ===> btop++ v.1.4.0
2025/03/09 (15:25:05) | INFO: Logger set to DEBUG
2025/03/09 (15:25:05) | DEBUG: Using locale C.UTF-8
2025/03/09 (15:25:05) | INFO: Running on /dev/pts/2
2025/03/09 (15:25:05) | WARNING: NVML: Failed to get maximum GPU power draw, defaulting to 225W: Not Supported
2025/03/09 (15:25:05) | INFO: Failed to load librocm_smi64.so, AMD GPUs will not be detected: librocm_smi64.so.6: cannot open shared object file: No such file or directory
2025/03/09 (15:25:05) | WARNING: Intel GPU: Failed to initialize PMU
2025/03/09 (15:25:05) | DEBUG: Shared::init() : Initialized.
2025/03/09 (15:28:23) | INFO: Quitting! Runtime: 00:03:18

2025/03/09 (16:42:58) | ===> btop++ v.1.4.0
2025/03/09 (16:42:58) | INFO: Logger set to DEBUG
2025/03/09 (16:42:58) | DEBUG: Using locale C.UTF-8
2025/03/09 (16:42:58) | INFO: Running on /dev/pts/4
2025/03/09 (16:42:58) | WARNING: NVML: Failed to get maximum GPU power draw, defaulting to 225W: Not Supported
2025/03/09 (16:42:58) | INFO: Failed to load librocm_smi64.so, AMD GPUs will not be detected: librocm_smi64.so.6: cannot open shared object file: No such file or directory
2025/03/09 (16:42:58) | WARNING: Intel GPU: Failed to initialize PMU
2025/03/09 (16:42:58) | DEBUG: Shared::init() : Initialized.
2025/03/09 (16:45:32) | DEBUG: Writing new config file
2025/03/09 (16:45:32) | INFO: Quitting! Runtime: 00:02:34

2025/03/09 (17:39:43) | ===> btop++ v.1.4.0
2025/03/09 (17:39:43) | INFO: Logger set to DEBUG
2025/03/09 (17:39:43) | DEBUG: Using locale C.UTF-8
2025/03/09 (17:39:43) | INFO: Running on /dev/pts/4
2025/03/09 (17:39:43) | WARNING: NVML: Failed to get maximum GPU power draw, defaulting to 225W: Not Supported
2025/03/09 (17:39:43) | INFO: Failed to load librocm_smi64.so, AMD GPUs will not be detected: librocm_smi64.so.6: cannot open shared object file: No such file or directory
2025/03/09 (17:39:43) | WARNING: Intel GPU: Failed to initialize PMU
2025/03/09 (17:39:43) | DEBUG: Shared::init() : Initialized.
2025/03/09 (17:44:55) | INFO: Quitting! Runtime: 00:05:12

2025/03/20 (14:05:08) | ===> btop++ v.1.4.0
2025/03/20 (14:05:08) | INFO: Logger set to DEBUG
2025/03/20 (14:05:08) | DEBUG: Using locale C.UTF-8
2025/03/20 (14:05:08) | INFO: Running on /dev/pts/6
2025/03/20 (14:05:08) | WARNING: NVML: Failed to get maximum GPU power draw, defaulting to 225W: Not Supported
2025/03/20 (14:05:08) | INFO: Failed to load librocm_smi64.so, AMD GPUs will not be detected: librocm_smi64.so.6: cannot open shared object file: No such file or directory
2025/03/20 (14:05:08) | WARNING: Intel GPU: Failed to initialize PMU
2025/03/20 (14:05:08) | DEBUG: Shared::init() : Initialized.
2025/03/20 (14:05:19) | INFO: Quitting! Runtime: 00:00:11

2025/03/29 (12:45:21) | ===> btop++ v.1.4.0
2025/03/29 (12:45:21) | INFO: Logger set to DEBUG
2025/03/29 (12:45:21) | DEBUG: Using locale C.UTF-8
2025/03/29 (12:45:21) | INFO: Running on /dev/pts/6
2025/03/29 (12:45:21) | DEBUG: Failed to initialize NVML, NVIDIA GPUs will not be detected: Driver/library version mismatch
2025/03/29 (12:45:21) | INFO: Failed to load librocm_smi64.so, AMD GPUs will not be detected: librocm_smi64.so.6: cannot open shared object file: No such file or directory
2025/03/29 (12:45:21) | WARNING: Intel GPU: Failed to initialize PMU
2025/03/29 (12:45:21) | DEBUG: Shared::init() : Initialized.
2025/03/29 (12:46:37) | DEBUG: Writing new config file
2025/03/29 (12:46:37) | INFO: Quitting! Runtime: 00:01:16

2025/03/31 (21:37:45) | ===> btop++ v.1.4.0
2025/03/31 (21:37:45) | INFO: Logger set to DEBUG
2025/03/31 (21:37:45) | DEBUG: Using locale C.UTF-8
2025/03/31 (21:37:45) | INFO: Running on /dev/pts/5
2025/03/31 (21:37:45) | WARNING: NVML: Failed to get maximum GPU power draw, defaulting to 225W: Not Supported
2025/03/31 (21:37:45) | INFO: Failed to load librocm_smi64.so, AMD GPUs will not be detected: librocm_smi64.so.6: cannot open shared object file: No such file or directory
2025/03/31 (21:37:45) | WARNING: Intel GPU: Failed to initialize PMU
2025/03/31 (21:37:45) | DEBUG: Shared::init() : Initialized.
2025/03/31 (22:33:03) | DEBUG: Writing new config file
2025/03/31 (22:33:03) | INFO: Quitting! Runtime: 00:55:18

2025/04/06 (00:14:52) | ===> btop++ v.1.4.0
2025/04/06 (00:14:52) | INFO: Logger set to DEBUG
2025/04/06 (00:14:52) | DEBUG: Using locale C.UTF-8
2025/04/06 (00:14:52) | INFO: Running on /dev/pts/6
2025/04/06 (00:14:52) | WARNING: NVML: Failed to get maximum GPU power draw, defaulting to 225W: Not Supported
2025/04/06 (00:14:52) | INFO: Failed to load librocm_smi64.so, AMD GPUs will not be detected: librocm_smi64.so.6: cannot open shared object file: No such file or directory
2025/04/06 (00:14:52) | WARNING: Intel GPU: Failed to initialize PMU
2025/04/06 (00:14:52) | DEBUG: Shared::init() : Initialized.
2025/04/06 (01:29:23) | DEBUG: Writing new config file
2025/04/06 (01:29:23) | INFO: Quitting! Runtime: 01:14:31

2025/04/06 (19:52:56) | ===> btop++ v.1.4.0
2025/04/06 (19:52:56) | INFO: Logger set to DEBUG
2025/04/06 (19:52:56) | DEBUG: Using locale C.UTF-8
2025/04/06 (19:52:56) | INFO: Running on /dev/pts/5
2025/04/06 (19:52:56) | WARNING: NVML: Failed to get maximum GPU power draw, defaulting to 225W: Not Supported
2025/04/06 (19:52:56) | INFO: Failed to load librocm_smi64.so, AMD GPUs will not be detected: librocm_smi64.so.6: cannot open shared object file: No such file or directory
2025/04/06 (19:52:56) | WARNING: Intel GPU: Failed to initialize PMU
2025/04/06 (19:52:56) | DEBUG: Shared::init() : Initialized.

2025/04/07 (22:17:27) | ===> btop++ v.1.4.0
2025/04/07 (22:17:27) | INFO: Logger set to DEBUG
2025/04/07 (22:17:27) | DEBUG: Using locale C.UTF-8
2025/04/07 (22:17:27) | INFO: Running on /dev/pts/7
2025/04/07 (22:17:27) | WARNING: NVML: Failed to get maximum GPU power draw, defaulting to 225W: Not Supported
2025/04/07 (22:17:27) | INFO: Failed to load librocm_smi64.so, AMD GPUs will not be detected: librocm_smi64.so.6: cannot open shared object file: No such file or directory
2025/04/07 (22:17:27) | WARNING: Intel GPU: Failed to initialize PMU
2025/04/07 (22:17:27) | DEBUG: Shared::init() : Initialized.

2025/04/08 (23:03:25) | ===> btop++ v.1.4.0
2025/04/08 (23:03:25) | INFO: Logger set to DEBUG
2025/04/08 (23:03:25) | DEBUG: Using locale C.UTF-8
2025/04/08 (23:03:25) | INFO: Running on /dev/pts/7
2025/04/08 (23:03:26) | WARNING: NVML: Failed to get maximum GPU power draw, defaulting to 225W: Not Supported
2025/04/08 (23:03:26) | INFO: Failed to load librocm_smi64.so, AMD GPUs will not be detected: librocm_smi64.so.6: cannot open shared object file: No such file or directory
2025/04/08 (23:03:26) | WARNING: Intel GPU: Failed to initialize PMU
2025/04/08 (23:03:26) | DEBUG: Shared::init() : Initialized.
2025/04/08 (23:56:02) | DEBUG: Writing new config file
2025/04/08 (23:56:02) | INFO: Quitting! Runtime: 00:52:37

2025/04/12 (16:17:10) | ===> btop++ v.1.4.0
2025/04/12 (16:17:10) | INFO: Logger set to DEBUG
2025/04/12 (16:17:10) | DEBUG: Using locale C.UTF-8
2025/04/12 (16:17:10) | INFO: Running on /dev/pts/6
2025/04/12 (16:17:10) | WARNING: NVML: Failed to get maximum GPU power draw, defaulting to 225W: Not Supported
2025/04/12 (16:17:10) | INFO: Failed to load librocm_smi64.so, AMD GPUs will not be detected: librocm_smi64.so.6: cannot open shared object file: No such file or directory
2025/04/12 (16:17:10) | WARNING: Intel GPU: Failed to initialize PMU
2025/04/12 (16:17:10) | DEBUG: Shared::init() : Initialized.
2025/04/12 (17:23:48) | DEBUG: Writing new config file
2025/04/12 (17:23:48) | INFO: Quitting! Runtime: 01:06:38

2025/04/21 (23:24:50) | ===> btop++ v.1.4.0
2025/04/21 (23:24:50) | INFO: Logger set to DEBUG
2025/04/21 (23:24:50) | DEBUG: Using locale C.UTF-8
2025/04/21 (23:24:50) | INFO: Running on /dev/pts/3
2025/04/21 (23:24:50) | WARNING: NVML: Failed to get maximum GPU power draw, defaulting to 225W: Not Supported
2025/04/21 (23:24:50) | INFO: Failed to load librocm_smi64.so, AMD GPUs will not be detected: librocm_smi64.so.6: cannot open shared object file: No such file or directory
2025/04/21 (23:24:50) | WARNING: Intel GPU: Failed to initialize PMU
2025/04/21 (23:24:50) | DEBUG: Shared::init() : Initialized.
2025/04/21 (23:31:32) | DEBUG: Writing new config file
2025/04/21 (23:31:32) | INFO: Quitting! Runtime: 00:06:42

2025/04/21 (23:34:23) | ===> btop++ v.1.4.0
2025/04/21 (23:34:23) | INFO: Logger set to DEBUG
2025/04/21 (23:34:23) | DEBUG: Using locale C.UTF-8
2025/04/21 (23:34:23) | INFO: Running on /dev/pts/2
2025/04/21 (23:34:23) | WARNING: NVML: Failed to get maximum GPU power draw, defaulting to 225W: Not Supported
2025/04/21 (23:34:23) | INFO: Failed to load librocm_smi64.so, AMD GPUs will not be detected: librocm_smi64.so.6: cannot open shared object file: No such file or directory
2025/04/21 (23:34:23) | WARNING: Intel GPU: Failed to initialize PMU
2025/04/21 (23:34:23) | DEBUG: Shared::init() : Initialized.
2025/04/21 (23:37:36) | INFO: Quitting! Runtime: 00:03:13

2025/04/21 (23:42:32) | ===> btop++ v.1.4.0
2025/04/21 (23:42:32) | INFO: Logger set to DEBUG
2025/04/21 (23:42:32) | DEBUG: Using locale C.UTF-8
2025/04/21 (23:42:32) | INFO: Running on /dev/pts/2
2025/04/21 (23:42:33) | WARNING: NVML: Failed to get maximum GPU power draw, defaulting to 225W: Not Supported
2025/04/21 (23:42:33) | INFO: Failed to load librocm_smi64.so, AMD GPUs will not be detected: librocm_smi64.so.6: cannot open shared object file: No such file or directory
2025/04/21 (23:42:33) | WARNING: Intel GPU: Failed to initialize PMU
2025/04/21 (23:42:33) | DEBUG: Shared::init() : Initialized.
2025/04/21 (23:55:23) | DEBUG: Writing new config file
2025/04/21 (23:55:23) | INFO: Quitting! Runtime: 00:12:51

2025/04/22 (21:55:53) | ===> btop++ v.1.4.0
2025/04/22 (21:55:53) | INFO: Logger set to DEBUG
2025/04/22 (21:55:53) | DEBUG: Using locale C.UTF-8
2025/04/22 (21:55:53) | INFO: Running on /dev/pts/2
2025/04/22 (21:55:53) | DEBUG: Failed to initialize NVML, NVIDIA GPUs will not be detected: Driver/library version mismatch
2025/04/22 (21:55:53) | INFO: Failed to load librocm_smi64.so, AMD GPUs will not be detected: librocm_smi64.so.6: cannot open shared object file: No such file or directory
2025/04/22 (21:55:53) | WARNING: Intel GPU: Failed to initialize PMU
2025/04/22 (21:55:53) | DEBUG: Shared::init() : Initialized.

2025/04/30 (20:30:59) | ===> btop++ v.1.4.0
2025/04/30 (20:30:59) | INFO: Logger set to DEBUG
2025/04/30 (20:30:59) | DEBUG: Using locale C.UTF-8
2025/04/30 (20:30:59) | INFO: Running on /dev/pts/6
2025/04/30 (20:30:59) | WARNING: NVML: Failed to get maximum GPU power draw, defaulting to 225W: Not Supported
2025/04/30 (20:30:59) | INFO: Failed to load librocm_smi64.so, AMD GPUs will not be detected: librocm_smi64.so.6: cannot open shared object file: No such file or directory
2025/04/30 (20:30:59) | WARNING: Intel GPU: Failed to initialize PMU
2025/04/30 (20:30:59) | DEBUG: Shared::init() : Initialized.
2025/04/30 (21:06:50) | DEBUG: Writing new config file
2025/04/30 (21:06:50) | INFO: Quitting! Runtime: 00:35:51

2025/05/03 (15:33:19) | ===> btop++ v.1.4.0
2025/05/03 (15:33:19) | INFO: Logger set to DEBUG
2025/05/03 (15:33:19) | DEBUG: Using locale C.UTF-8
2025/05/03 (15:33:19) | INFO: Running on /dev/pts/7
2025/05/03 (15:33:19) | WARNING: NVML: Failed to get maximum GPU power draw, defaulting to 225W: Not Supported
2025/05/03 (15:33:19) | INFO: Failed to load librocm_smi64.so, AMD GPUs will not be detected: librocm_smi64.so.6: cannot open shared object file: No such file or directory
2025/05/03 (15:33:19) | WARNING: Intel GPU: Failed to initialize PMU
2025/05/03 (15:33:19) | DEBUG: Shared::init() : Initialized.
2025/05/03 (15:33:37) | INFO: Quitting! Runtime: 00:00:18

2025/05/03 (15:34:12) | ===> btop++ v.1.4.0
2025/05/03 (15:34:12) | INFO: Logger set to DEBUG
2025/05/03 (15:34:12) | DEBUG: Using locale C.UTF-8
2025/05/03 (15:34:12) | INFO: Running on /dev/pts/7
2025/05/03 (15:34:12) | WARNING: NVML: Failed to get maximum GPU power draw, defaulting to 225W: Not Supported
2025/05/03 (15:34:12) | INFO: Failed to load librocm_smi64.so, AMD GPUs will not be detected: librocm_smi64.so.6: cannot open shared object file: No such file or directory
2025/05/03 (15:34:12) | WARNING: Intel GPU: Failed to initialize PMU
2025/05/03 (15:34:12) | DEBUG: Shared::init() : Initialized.
2025/05/03 (15:34:16) | INFO: Quitting! Runtime: 00:00:04

2025/05/03 (16:07:58) | ===> btop++ v.1.4.0
2025/05/03 (16:07:58) | INFO: Logger set to DEBUG
2025/05/03 (16:07:58) | DEBUG: Using locale C.UTF-8
2025/05/03 (16:07:58) | INFO: Running on /dev/pts/6
2025/05/03 (16:07:58) | WARNING: NVML: Failed to get maximum GPU power draw, defaulting to 225W: Not Supported
2025/05/03 (16:07:58) | INFO: Failed to load librocm_smi64.so, AMD GPUs will not be detected: librocm_smi64.so.6: cannot open shared object file: No such file or directory
2025/05/03 (16:07:58) | WARNING: Intel GPU: Failed to initialize PMU
2025/05/03 (16:07:58) | DEBUG: Shared::init() : Initialized.
2025/05/03 (16:11:38) | INFO: Quitting! Runtime: 00:03:40

2025/05/03 (16:11:40) | ===> btop++ v.1.4.0
2025/05/03 (16:11:40) | INFO: Logger set to DEBUG
2025/05/03 (16:11:40) | DEBUG: Using locale C.UTF-8
2025/05/03 (16:11:40) | INFO: Running on /dev/pts/6
2025/05/03 (16:11:40) | WARNING: NVML: Failed to get maximum GPU power draw, defaulting to 225W: Not Supported
2025/05/03 (16:11:40) | INFO: Failed to load librocm_smi64.so, AMD GPUs will not be detected: librocm_smi64.so.6: cannot open shared object file: No such file or directory
2025/05/03 (16:11:40) | WARNING: Intel GPU: Failed to initialize PMU
2025/05/03 (16:11:40) | DEBUG: Shared::init() : Initialized.
2025/05/03 (16:11:42) | INFO: Quitting! Runtime: 00:00:02
